Build started 11/5/2015 2:47:38 PM.
     1>Project "C:\Users\microscope2\Documents\Octopus\Octopus_Micro2\Octopus.vcxproj" on node 2 (build target(s)).
     1>InitializeBuildStatus:
         Creating ".\Debug\Octopus.unsuccessfulbuild" because "AlwaysCreate" was specified.
       ClCompile:
         All outputs are up-to-date.
       ResourceCompile:
         All outputs are up-to-date.
       ManifestResourceCompile:
         All outputs are up-to-date.
       Link:
         All outputs are up-to-date.
       Manifest:
         c:\Program Files (x86)\Microsoft SDKs\Windows\v7.0A\bin\mt.exe /nologo /verbose /out:".\Debug\Octopus.exe.embed.manifest" /manifest .\Debug\Octopus.exe.intermediate.manifest "c:\Program Files (x86)\Microsoft Visual Studio 10.0\VC\Include\Manifest\dpiaware.manifest"
         All outputs are up-to-date.
       BscMake:
         All outputs are up-to-date.
       FinalizeBuildStatus:
         Deleting file ".\Debug\Octopus.unsuccessfulbuild".
         Touching ".\Debug\Octopus.lastbuildstate".
     1>Done Building Project "C:\Users\microscope2\Documents\Octopus\Octopus_Micro2\Octopus.vcxproj" (build target(s)).

Build succeeded.

Time Elapsed 00:00:00.20
