.\Debug\Octopus.bsc
.\Debug\Octopus.ilk
.\Debug\Octopus.pdb
C:\USERS\MICROSCOPE2\DOCUMENTS\OCTOPUS\JOSH'S COPY OF OCTOPUS072413V.090315\DEBUG\APTMOTOR.OBJ
C:\USERS\MICROSCOPE2\DOCUMENTS\OCTOPUS\JOSH'S COPY OF OCTOPUS072413V.090315\DEBUG\APTMOTOR.SBR
C:\USERS\MICROSCOPE2\DOCUMENTS\OCTOPUS\JOSH'S COPY OF OCTOPUS072413V.090315\DEBUG\APTSYSTEM.OBJ
C:\USERS\MICROSCOPE2\DOCUMENTS\OCTOPUS\JOSH'S COPY OF OCTOPUS072413V.090315\DEBUG\APTSYSTEM.SBR
C:\USERS\MICROSCOPE2\DOCUMENTS\OCTOPUS\JOSH'S COPY OF OCTOPUS072413V.090315\DEBUG\CPORT.OBJ
C:\USERS\MICROSCOPE2\DOCUMENTS\OCTOPUS\JOSH'S COPY OF OCTOPUS072413V.090315\DEBUG\CPORT.SBR
C:\USERS\MICROSCOPE2\DOCUMENTS\OCTOPUS\JOSH'S COPY OF OCTOPUS072413V.090315\DEBUG\DISPLAYDIALOG.OBJ
C:\USERS\MICROSCOPE2\DOCUMENTS\OCTOPUS\JOSH'S COPY OF OCTOPUS072413V.090315\DEBUG\DISPLAYDIALOG.SBR
C:\USERS\MICROSCOPE2\DOCUMENTS\OCTOPUS\JOSH'S COPY OF OCTOPUS072413V.090315\DEBUG\MAINFRM.OBJ
C:\USERS\MICROSCOPE2\DOCUMENTS\OCTOPUS\JOSH'S COPY OF OCTOPUS072413V.090315\DEBUG\MAINFRM.SBR
C:\USERS\MICROSCOPE2\DOCUMENTS\OCTOPUS\JOSH'S COPY OF OCTOPUS072413V.090315\DEBUG\OCTOPUS.BSC
C:\USERS\MICROSCOPE2\DOCUMENTS\OCTOPUS\JOSH'S COPY OF OCTOPUS072413V.090315\DEBUG\OCTOPUS.EXE
C:\USERS\MICROSCOPE2\DOCUMENTS\OCTOPUS\JOSH'S COPY OF OCTOPUS072413V.090315\DEBUG\OCTOPUS.EXE.EMBED.MANIFEST
C:\USERS\MICROSCOPE2\DOCUMENTS\OCTOPUS\JOSH'S COPY OF OCTOPUS072413V.090315\DEBUG\OCTOPUS.EXE.EMBED.MANIFEST.RES
C:\USERS\MICROSCOPE2\DOCUMENTS\OCTOPUS\JOSH'S COPY OF OCTOPUS072413V.090315\DEBUG\OCTOPUS.EXE.INTERMEDIATE.MANIFEST
C:\USERS\MICROSCOPE2\DOCUMENTS\OCTOPUS\JOSH'S COPY OF OCTOPUS072413V.090315\DEBUG\OCTOPUS.ILK
C:\USERS\MICROSCOPE2\DOCUMENTS\OCTOPUS\JOSH'S COPY OF OCTOPUS072413V.090315\DEBUG\OCTOPUS.MAP
C:\USERS\MICROSCOPE2\DOCUMENTS\OCTOPUS\JOSH'S COPY OF OCTOPUS072413V.090315\DEBUG\OCTOPUS.OBJ
C:\USERS\MICROSCOPE2\DOCUMENTS\OCTOPUS\JOSH'S COPY OF OCTOPUS072413V.090315\DEBUG\OCTOPUS.PDB
C:\USERS\MICROSCOPE2\DOCUMENTS\OCTOPUS\JOSH'S COPY OF OCTOPUS072413V.090315\DEBUG\OCTOPUS.RES
C:\USERS\MICROSCOPE2\DOCUMENTS\OCTOPUS\JOSH'S COPY OF OCTOPUS072413V.090315\DEBUG\OCTOPUS.SBR
C:\USERS\MICROSCOPE2\DOCUMENTS\OCTOPUS\JOSH'S COPY OF OCTOPUS072413V.090315\DEBUG\OCTOPUS_LED.OBJ
C:\USERS\MICROSCOPE2\DOCUMENTS\OCTOPUS\JOSH'S COPY OF OCTOPUS072413V.090315\DEBUG\OCTOPUS_LED.SBR
C:\USERS\MICROSCOPE2\DOCUMENTS\OCTOPUS\JOSH'S COPY OF OCTOPUS072413V.090315\DEBUG\OCTOPUSCAMERADISPLAY.OBJ
C:\USERS\MICROSCOPE2\DOCUMENTS\OCTOPUS\JOSH'S COPY OF OCTOPUS072413V.090315\DEBUG\OCTOPUSCAMERADISPLAY.SBR
C:\USERS\MICROSCOPE2\DOCUMENTS\OCTOPUS\JOSH'S COPY OF OCTOPUS072413V.090315\DEBUG\OCTOPUSCAMERADLG.OBJ
C:\USERS\MICROSCOPE2\DOCUMENTS\OCTOPUS\JOSH'S COPY OF OCTOPUS072413V.090315\DEBUG\OCTOPUSCAMERADLG.SBR
C:\USERS\MICROSCOPE2\DOCUMENTS\OCTOPUS\JOSH'S COPY OF OCTOPUS072413V.090315\DEBUG\OCTOPUSCLOCK.OBJ
C:\USERS\MICROSCOPE2\DOCUMENTS\OCTOPUS\JOSH'S COPY OF OCTOPUS072413V.090315\DEBUG\OCTOPUSCLOCK.SBR
C:\USERS\MICROSCOPE2\DOCUMENTS\OCTOPUS\JOSH'S COPY OF OCTOPUS072413V.090315\DEBUG\OCTOPUSDOC.OBJ
C:\USERS\MICROSCOPE2\DOCUMENTS\OCTOPUS\JOSH'S COPY OF OCTOPUS072413V.090315\DEBUG\OCTOPUSDOC.SBR
C:\USERS\MICROSCOPE2\DOCUMENTS\OCTOPUS\JOSH'S COPY OF OCTOPUS072413V.090315\DEBUG\OCTOPUSFOCUS.OBJ
C:\USERS\MICROSCOPE2\DOCUMENTS\OCTOPUS\JOSH'S COPY OF OCTOPUS072413V.090315\DEBUG\OCTOPUSFOCUS.SBR
C:\USERS\MICROSCOPE2\DOCUMENTS\OCTOPUS\JOSH'S COPY OF OCTOPUS072413V.090315\DEBUG\OCTOPUSLASER.OBJ
C:\USERS\MICROSCOPE2\DOCUMENTS\OCTOPUS\JOSH'S COPY OF OCTOPUS072413V.090315\DEBUG\OCTOPUSLASER.SBR
C:\USERS\MICROSCOPE2\DOCUMENTS\OCTOPUS\JOSH'S COPY OF OCTOPUS072413V.090315\DEBUG\OCTOPUSLASERS.OBJ
C:\USERS\MICROSCOPE2\DOCUMENTS\OCTOPUS\JOSH'S COPY OF OCTOPUS072413V.090315\DEBUG\OCTOPUSLASERS.SBR
C:\USERS\MICROSCOPE2\DOCUMENTS\OCTOPUS\JOSH'S COPY OF OCTOPUS072413V.090315\DEBUG\OCTOPUSLOG.OBJ
C:\USERS\MICROSCOPE2\DOCUMENTS\OCTOPUS\JOSH'S COPY OF OCTOPUS072413V.090315\DEBUG\OCTOPUSLOG.SBR
C:\USERS\MICROSCOPE2\DOCUMENTS\OCTOPUS\JOSH'S COPY OF OCTOPUS072413V.090315\DEBUG\OCTOPUSOBJECTIVEPIEZO.OBJ
C:\USERS\MICROSCOPE2\DOCUMENTS\OCTOPUS\JOSH'S COPY OF OCTOPUS072413V.090315\DEBUG\OCTOPUSOBJECTIVEPIEZO.SBR
C:\USERS\MICROSCOPE2\DOCUMENTS\OCTOPUS\JOSH'S COPY OF OCTOPUS072413V.090315\DEBUG\OCTOPUSSCOPE.OBJ
C:\USERS\MICROSCOPE2\DOCUMENTS\OCTOPUS\JOSH'S COPY OF OCTOPUS072413V.090315\DEBUG\OCTOPUSSCOPE.SBR
C:\USERS\MICROSCOPE2\DOCUMENTS\OCTOPUS\JOSH'S COPY OF OCTOPUS072413V.090315\DEBUG\OCTOPUSSCRIPT.OBJ
C:\USERS\MICROSCOPE2\DOCUMENTS\OCTOPUS\JOSH'S COPY OF OCTOPUS072413V.090315\DEBUG\OCTOPUSSCRIPT.SBR
C:\USERS\MICROSCOPE2\DOCUMENTS\OCTOPUS\JOSH'S COPY OF OCTOPUS072413V.090315\DEBUG\OCTOPUSSHUTTER.OBJ
C:\USERS\MICROSCOPE2\DOCUMENTS\OCTOPUS\JOSH'S COPY OF OCTOPUS072413V.090315\DEBUG\OCTOPUSSHUTTER.SBR
C:\USERS\MICROSCOPE2\DOCUMENTS\OCTOPUS\JOSH'S COPY OF OCTOPUS072413V.090315\DEBUG\OCTOPUSSTAGE545.OBJ
C:\USERS\MICROSCOPE2\DOCUMENTS\OCTOPUS\JOSH'S COPY OF OCTOPUS072413V.090315\DEBUG\OCTOPUSSTAGE545.SBR
C:\USERS\MICROSCOPE2\DOCUMENTS\OCTOPUS\JOSH'S COPY OF OCTOPUS072413V.090315\DEBUG\OCTOPUSVIEW.OBJ
C:\USERS\MICROSCOPE2\DOCUMENTS\OCTOPUS\JOSH'S COPY OF OCTOPUS072413V.090315\DEBUG\OCTOPUSVIEW.SBR
C:\USERS\MICROSCOPE2\DOCUMENTS\OCTOPUS\JOSH'S COPY OF OCTOPUS072413V.090315\DEBUG\STDAFX.OBJ
C:\USERS\MICROSCOPE2\DOCUMENTS\OCTOPUS\JOSH'S COPY OF OCTOPUS072413V.090315\DEBUG\STDAFX.SBR
C:\USERS\MICROSCOPE2\DOCUMENTS\OCTOPUS\JOSH'S COPY OF OCTOPUS072413V.090315\DEBUG\VC100.PDB
C:\Users\microscope2\Documents\Octopus\Josh's Copy of Octopus110415v.Lumenera\.\Debug\Octopus.exe
C:\Users\microscope2\Documents\Octopus\Josh's Copy of Octopus110415v.Lumenera\.\Debug\Octopus.exe.intermediate.manifest
C:\USERS\MICROSCOPE2\DOCUMENTS\OCTOPUS\JOSH'S COPY OF OCTOPUS110415V.LUMENERA\DEBUG\APTMOTOR.OBJ
C:\USERS\MICROSCOPE2\DOCUMENTS\OCTOPUS\JOSH'S COPY OF OCTOPUS110415V.LUMENERA\DEBUG\APTMOTOR.SBR
C:\USERS\MICROSCOPE2\DOCUMENTS\OCTOPUS\JOSH'S COPY OF OCTOPUS110415V.LUMENERA\DEBUG\APTSYSTEM.OBJ
C:\USERS\MICROSCOPE2\DOCUMENTS\OCTOPUS\JOSH'S COPY OF OCTOPUS110415V.LUMENERA\DEBUG\APTSYSTEM.SBR
C:\Users\microscope2\Documents\Octopus\Josh's Copy of Octopus110415v.Lumenera\Debug\BscMake.command.1.tlog
C:\Users\microscope2\Documents\Octopus\Josh's Copy of Octopus110415v.Lumenera\Debug\bscmake.read.1.tlog
C:\Users\microscope2\Documents\Octopus\Josh's Copy of Octopus110415v.Lumenera\Debug\bscmake.write.1.tlog
C:\Users\microscope2\Documents\Octopus\Josh's Copy of Octopus110415v.Lumenera\Debug\cl.command.1.tlog
C:\Users\microscope2\Documents\Octopus\Josh's Copy of Octopus110415v.Lumenera\Debug\CL.read.1.tlog
C:\Users\microscope2\Documents\Octopus\Josh's Copy of Octopus110415v.Lumenera\Debug\CL.write.1.tlog
C:\USERS\MICROSCOPE2\DOCUMENTS\OCTOPUS\JOSH'S COPY OF OCTOPUS110415V.LUMENERA\DEBUG\CPORT.OBJ
C:\USERS\MICROSCOPE2\DOCUMENTS\OCTOPUS\JOSH'S COPY OF OCTOPUS110415V.LUMENERA\DEBUG\CPORT.SBR
C:\USERS\MICROSCOPE2\DOCUMENTS\OCTOPUS\JOSH'S COPY OF OCTOPUS110415V.LUMENERA\DEBUG\DISPLAYDIALOG.OBJ
C:\USERS\MICROSCOPE2\DOCUMENTS\OCTOPUS\JOSH'S COPY OF OCTOPUS110415V.LUMENERA\DEBUG\DISPLAYDIALOG.SBR
C:\Users\microscope2\Documents\Octopus\Josh's Copy of Octopus110415v.Lumenera\Debug\link.command.1.tlog
C:\Users\microscope2\Documents\Octopus\Josh's Copy of Octopus110415v.Lumenera\Debug\link.read.1.tlog
C:\Users\microscope2\Documents\Octopus\Josh's Copy of Octopus110415v.Lumenera\Debug\link.write.1.tlog
C:\Users\microscope2\Documents\Octopus\Josh's Copy of Octopus110415v.Lumenera\Debug\link-cvtres.read.1.tlog
C:\Users\microscope2\Documents\Octopus\Josh's Copy of Octopus110415v.Lumenera\Debug\link-cvtres.write.1.tlog
C:\USERS\MICROSCOPE2\DOCUMENTS\OCTOPUS\JOSH'S COPY OF OCTOPUS110415V.LUMENERA\DEBUG\MAINFRM.OBJ
C:\USERS\MICROSCOPE2\DOCUMENTS\OCTOPUS\JOSH'S COPY OF OCTOPUS110415V.LUMENERA\DEBUG\MAINFRM.SBR
C:\Users\microscope2\Documents\Octopus\Josh's Copy of Octopus110415v.Lumenera\Debug\mt.command.1.tlog
C:\Users\microscope2\Documents\Octopus\Josh's Copy of Octopus110415v.Lumenera\Debug\mt.read.1.tlog
C:\Users\microscope2\Documents\Octopus\Josh's Copy of Octopus110415v.Lumenera\Debug\mt.write.1.tlog
C:\USERS\MICROSCOPE2\DOCUMENTS\OCTOPUS\JOSH'S COPY OF OCTOPUS110415V.LUMENERA\DEBUG\OCTOPUS.BSC
C:\USERS\MICROSCOPE2\DOCUMENTS\OCTOPUS\JOSH'S COPY OF OCTOPUS110415V.LUMENERA\DEBUG\OCTOPUS.EXE
C:\Users\microscope2\Documents\Octopus\Josh's Copy of Octopus110415v.Lumenera\Debug\Octopus.exe.embed.manifest
C:\USERS\MICROSCOPE2\DOCUMENTS\OCTOPUS\JOSH'S COPY OF OCTOPUS110415V.LUMENERA\DEBUG\OCTOPUS.EXE.EMBED.MANIFEST.RES
C:\USERS\MICROSCOPE2\DOCUMENTS\OCTOPUS\JOSH'S COPY OF OCTOPUS110415V.LUMENERA\DEBUG\OCTOPUS.EXE.INTERMEDIATE.MANIFEST
C:\USERS\MICROSCOPE2\DOCUMENTS\OCTOPUS\JOSH'S COPY OF OCTOPUS110415V.LUMENERA\DEBUG\OCTOPUS.ILK
C:\USERS\MICROSCOPE2\DOCUMENTS\OCTOPUS\JOSH'S COPY OF OCTOPUS110415V.LUMENERA\DEBUG\OCTOPUS.MAP
C:\USERS\MICROSCOPE2\DOCUMENTS\OCTOPUS\JOSH'S COPY OF OCTOPUS110415V.LUMENERA\DEBUG\OCTOPUS.OBJ
C:\USERS\MICROSCOPE2\DOCUMENTS\OCTOPUS\JOSH'S COPY OF OCTOPUS110415V.LUMENERA\DEBUG\OCTOPUS.PDB
C:\USERS\MICROSCOPE2\DOCUMENTS\OCTOPUS\JOSH'S COPY OF OCTOPUS110415V.LUMENERA\DEBUG\OCTOPUS.RES
C:\USERS\MICROSCOPE2\DOCUMENTS\OCTOPUS\JOSH'S COPY OF OCTOPUS110415V.LUMENERA\DEBUG\OCTOPUS.SBR
C:\Users\microscope2\Documents\Octopus\Josh's Copy of Octopus110415v.Lumenera\Debug\Octopus.vcxprojResolveAssemblyReference.cache
C:\Users\microscope2\Documents\Octopus\Josh's Copy of Octopus110415v.Lumenera\Debug\Octopus.write.1.tlog
C:\USERS\MICROSCOPE2\DOCUMENTS\OCTOPUS\JOSH'S COPY OF OCTOPUS110415V.LUMENERA\DEBUG\OCTOPUS_LED.OBJ
C:\USERS\MICROSCOPE2\DOCUMENTS\OCTOPUS\JOSH'S COPY OF OCTOPUS110415V.LUMENERA\DEBUG\OCTOPUS_LED.SBR
C:\Users\microscope2\Documents\Octopus\Josh's Copy of Octopus110415v.Lumenera\Debug\Octopus_manifest.rc
C:\USERS\MICROSCOPE2\DOCUMENTS\OCTOPUS\JOSH'S COPY OF OCTOPUS110415V.LUMENERA\DEBUG\OCTOPUSCAMERADISPLAY.OBJ
C:\USERS\MICROSCOPE2\DOCUMENTS\OCTOPUS\JOSH'S COPY OF OCTOPUS110415V.LUMENERA\DEBUG\OCTOPUSCAMERADISPLAY.SBR
C:\USERS\MICROSCOPE2\DOCUMENTS\OCTOPUS\JOSH'S COPY OF OCTOPUS110415V.LUMENERA\DEBUG\OCTOPUSCAMERADLG.OBJ
C:\USERS\MICROSCOPE2\DOCUMENTS\OCTOPUS\JOSH'S COPY OF OCTOPUS110415V.LUMENERA\DEBUG\OCTOPUSCAMERADLG.SBR
C:\USERS\MICROSCOPE2\DOCUMENTS\OCTOPUS\JOSH'S COPY OF OCTOPUS110415V.LUMENERA\DEBUG\OCTOPUSCLOCK.OBJ
C:\USERS\MICROSCOPE2\DOCUMENTS\OCTOPUS\JOSH'S COPY OF OCTOPUS110415V.LUMENERA\DEBUG\OCTOPUSCLOCK.SBR
C:\USERS\MICROSCOPE2\DOCUMENTS\OCTOPUS\JOSH'S COPY OF OCTOPUS110415V.LUMENERA\DEBUG\OCTOPUSDOC.OBJ
C:\USERS\MICROSCOPE2\DOCUMENTS\OCTOPUS\JOSH'S COPY OF OCTOPUS110415V.LUMENERA\DEBUG\OCTOPUSDOC.SBR
C:\USERS\MICROSCOPE2\DOCUMENTS\OCTOPUS\JOSH'S COPY OF OCTOPUS110415V.LUMENERA\DEBUG\OCTOPUSFOCUS.OBJ
C:\USERS\MICROSCOPE2\DOCUMENTS\OCTOPUS\JOSH'S COPY OF OCTOPUS110415V.LUMENERA\DEBUG\OCTOPUSFOCUS.SBR
C:\USERS\MICROSCOPE2\DOCUMENTS\OCTOPUS\JOSH'S COPY OF OCTOPUS110415V.LUMENERA\DEBUG\OCTOPUSLASER.OBJ
C:\USERS\MICROSCOPE2\DOCUMENTS\OCTOPUS\JOSH'S COPY OF OCTOPUS110415V.LUMENERA\DEBUG\OCTOPUSLASER.SBR
C:\USERS\MICROSCOPE2\DOCUMENTS\OCTOPUS\JOSH'S COPY OF OCTOPUS110415V.LUMENERA\DEBUG\OCTOPUSLASERS.OBJ
C:\USERS\MICROSCOPE2\DOCUMENTS\OCTOPUS\JOSH'S COPY OF OCTOPUS110415V.LUMENERA\DEBUG\OCTOPUSLASERS.SBR
C:\USERS\MICROSCOPE2\DOCUMENTS\OCTOPUS\JOSH'S COPY OF OCTOPUS110415V.LUMENERA\DEBUG\OCTOPUSLOG.OBJ
C:\USERS\MICROSCOPE2\DOCUMENTS\OCTOPUS\JOSH'S COPY OF OCTOPUS110415V.LUMENERA\DEBUG\OCTOPUSLOG.SBR
C:\USERS\MICROSCOPE2\DOCUMENTS\OCTOPUS\JOSH'S COPY OF OCTOPUS110415V.LUMENERA\DEBUG\OCTOPUSOBJECTIVEPIEZO.OBJ
C:\USERS\MICROSCOPE2\DOCUMENTS\OCTOPUS\JOSH'S COPY OF OCTOPUS110415V.LUMENERA\DEBUG\OCTOPUSOBJECTIVEPIEZO.SBR
C:\USERS\MICROSCOPE2\DOCUMENTS\OCTOPUS\JOSH'S COPY OF OCTOPUS110415V.LUMENERA\DEBUG\OCTOPUSSCOPE.OBJ
C:\USERS\MICROSCOPE2\DOCUMENTS\OCTOPUS\JOSH'S COPY OF OCTOPUS110415V.LUMENERA\DEBUG\OCTOPUSSCOPE.SBR
C:\USERS\MICROSCOPE2\DOCUMENTS\OCTOPUS\JOSH'S COPY OF OCTOPUS110415V.LUMENERA\DEBUG\OCTOPUSSCRIPT.OBJ
C:\USERS\MICROSCOPE2\DOCUMENTS\OCTOPUS\JOSH'S COPY OF OCTOPUS110415V.LUMENERA\DEBUG\OCTOPUSSCRIPT.SBR
C:\USERS\MICROSCOPE2\DOCUMENTS\OCTOPUS\JOSH'S COPY OF OCTOPUS110415V.LUMENERA\DEBUG\OCTOPUSSHUTTER.OBJ
C:\USERS\MICROSCOPE2\DOCUMENTS\OCTOPUS\JOSH'S COPY OF OCTOPUS110415V.LUMENERA\DEBUG\OCTOPUSSHUTTER.SBR
C:\USERS\MICROSCOPE2\DOCUMENTS\OCTOPUS\JOSH'S COPY OF OCTOPUS110415V.LUMENERA\DEBUG\OCTOPUSSTAGE545.OBJ
C:\USERS\MICROSCOPE2\DOCUMENTS\OCTOPUS\JOSH'S COPY OF OCTOPUS110415V.LUMENERA\DEBUG\OCTOPUSSTAGE545.SBR
C:\USERS\MICROSCOPE2\DOCUMENTS\OCTOPUS\JOSH'S COPY OF OCTOPUS110415V.LUMENERA\DEBUG\OCTOPUSVIEW.OBJ
C:\USERS\MICROSCOPE2\DOCUMENTS\OCTOPUS\JOSH'S COPY OF OCTOPUS110415V.LUMENERA\DEBUG\OCTOPUSVIEW.SBR
C:\Users\microscope2\Documents\Octopus\Josh's Copy of Octopus110415v.Lumenera\Debug\rc.command.1.tlog
C:\Users\microscope2\Documents\Octopus\Josh's Copy of Octopus110415v.Lumenera\Debug\rc.read.1.tlog
C:\Users\microscope2\Documents\Octopus\Josh's Copy of Octopus110415v.Lumenera\Debug\rc.write.1.tlog
C:\USERS\MICROSCOPE2\DOCUMENTS\OCTOPUS\JOSH'S COPY OF OCTOPUS110415V.LUMENERA\DEBUG\STDAFX.OBJ
C:\USERS\MICROSCOPE2\DOCUMENTS\OCTOPUS\JOSH'S COPY OF OCTOPUS110415V.LUMENERA\DEBUG\STDAFX.SBR
C:\USERS\MICROSCOPE2\DOCUMENTS\OCTOPUS\JOSH'S COPY OF OCTOPUS110415V.LUMENERA\DEBUG\VC100.PDB
